2022-02-23 11:37:04,422 [main] ERROR [o.s.b.context.logging.LoggingApplicationListener] LoggingApplicationListener.java:374 - Cannot set level 'dubug' for 'null'
2022-02-23 11:40:39,552 [main] ERROR [o.s.b.context.logging.LoggingApplicationListener] LoggingApplicationListener.java:374 - Cannot set level 'dubug' for 'null'
2022-02-23 11:42:01,015 [http-nio-8101-exec-3] ERROR [com.yf.document.ability.shiro.MyShiroRealm] MyShiroRealm.java:96 - ++++++++++校验用户：eyJ0eXAiOiJKV1QiLCJhbGciOiJIUzI1NiJ9.eyJleHAiOjE2NDU2MDUwMDQsInVzZXJuYW1lIjoiYWRtaW4ifQ.mt_5qQNKKtWGOFLu0OrFunwGk08HXm0SB27yS-2Hasc
2022-02-23 11:42:01,403 [http-nio-8101-exec-6] ERROR [com.yf.document.ability.shiro.MyShiroRealm] MyShiroRealm.java:96 - ++++++++++校验用户：eyJ0eXAiOiJKV1QiLCJhbGciOiJIUzI1NiJ9.eyJleHAiOjE2NDU2MDUwMDQsInVzZXJuYW1lIjoiYWRtaW4ifQ.mt_5qQNKKtWGOFLu0OrFunwGk08HXm0SB27yS-2Hasc
2022-02-23 11:42:57,541 [main] ERROR [o.s.b.context.logging.LoggingApplicationListener] LoggingApplicationListener.java:374 - Cannot set level 'dubug' for 'null'
2022-02-23 11:44:14,538 [http-nio-8101-exec-3] ERROR [com.yf.document.ability.shiro.MyShiroRealm] MyShiroRealm.java:96 - ++++++++++校验用户：eyJ0eXAiOiJKV1QiLCJhbGciOiJIUzI1NiJ9.eyJleHAiOjE2NDU2MDUwMDQsInVzZXJuYW1lIjoiYWRtaW4ifQ.mt_5qQNKKtWGOFLu0OrFunwGk08HXm0SB27yS-2Hasc
2022-02-23 11:44:14,778 [http-nio-8101-exec-4] ERROR [c.y.d.a.upload.service.impl.UploadServiceImpl] UploadServiceImpl.java:90 - 预览文件失败/home/yfhl_doc_ky/userfiles2021/11/16/1460507105991155713.png (No such file or directory)
2022-02-23 11:44:14,904 [http-nio-8101-exec-7] ERROR [c.y.d.a.upload.service.impl.UploadServiceImpl] UploadServiceImpl.java:90 - 预览文件失败/home/yfhl_doc_ky/userfiles2021/11/16/1460507105991155713.png (No such file or directory)
2022-02-23 11:44:59,336 [http-nio-8101-exec-2] ERROR [c.y.d.a.upload.service.impl.UploadServiceImpl] UploadServiceImpl.java:90 - 预览文件失败/home/yfhl_doc_ky/userfiles2021/11/16/1460507105991155713.png (No such file or directory)
2022-02-23 11:47:22,733 [http-nio-8101-exec-7] ERROR [c.y.d.a.upload.service.impl.UploadServiceImpl] UploadServiceImpl.java:90 - 预览文件失败/home/yfhl_doc_ky/userfiles2021/11/16/1460507105991155713.png (No such file or directory)
2022-02-23 11:47:23,983 [http-nio-8101-exec-10] ERROR [com.yf.document.ability.shiro.MyShiroRealm] MyShiroRealm.java:96 - ++++++++++校验用户：eyJ0eXAiOiJKV1QiLCJhbGciOiJIUzI1NiJ9.eyJleHAiOjE2NDU2NzQ0NDMsInVzZXJuYW1lIjoiYWRtaW4ifQ.eMvI0BZWpMXmFrAPrxeqm8QdhG52TjOtiW6fyG3huQM
2022-02-23 11:47:24,112 [http-nio-8101-exec-3] ERROR [com.yf.document.ability.shiro.MyShiroRealm] MyShiroRealm.java:96 - ++++++++++校验用户：eyJ0eXAiOiJKV1QiLCJhbGciOiJIUzI1NiJ9.eyJleHAiOjE2NDU2NzQ0NDMsInVzZXJuYW1lIjoiYWRtaW4ifQ.eMvI0BZWpMXmFrAPrxeqm8QdhG52TjOtiW6fyG3huQM
2022-02-23 11:47:24,716 [http-nio-8101-exec-2] ERROR [c.y.d.a.upload.service.impl.UploadServiceImpl] UploadServiceImpl.java:90 - 预览文件失败/home/yfhl_doc_ky/userfiles2021/11/16/1460507088622542850.png (No such file or directory)
2022-02-23 11:47:27,834 [http-nio-8101-exec-8] ERROR [com.yf.document.ability.shiro.MyShiroRealm] MyShiroRealm.java:96 - ++++++++++校验用户：eyJ0eXAiOiJKV1QiLCJhbGciOiJIUzI1NiJ9.eyJleHAiOjE2NDU2NzQ0NDMsInVzZXJuYW1lIjoiYWRtaW4ifQ.eMvI0BZWpMXmFrAPrxeqm8QdhG52TjOtiW6fyG3huQM
2022-02-23 11:47:27,839 [http-nio-8101-exec-5] ERROR [com.yf.document.ability.shiro.MyShiroRealm] MyShiroRealm.java:96 - ++++++++++校验用户：eyJ0eXAiOiJKV1QiLCJhbGciOiJIUzI1NiJ9.eyJleHAiOjE2NDU2NzQ0NDMsInVzZXJuYW1lIjoiYWRtaW4ifQ.eMvI0BZWpMXmFrAPrxeqm8QdhG52TjOtiW6fyG3huQM
2022-02-23 11:47:27,839 [http-nio-8101-exec-7] ERROR [com.yf.document.ability.shiro.MyShiroRealm] MyShiroRealm.java:96 - ++++++++++校验用户：eyJ0eXAiOiJKV1QiLCJhbGciOiJIUzI1NiJ9.eyJleHAiOjE2NDU2NzQ0NDMsInVzZXJuYW1lIjoiYWRtaW4ifQ.eMvI0BZWpMXmFrAPrxeqm8QdhG52TjOtiW6fyG3huQM
2022-02-23 11:47:48,548 [http-nio-8101-exec-1] ERROR [com.yf.document.ability.shiro.MyShiroRealm] MyShiroRealm.java:96 - ++++++++++校验用户：eyJ0eXAiOiJKV1QiLCJhbGciOiJIUzI1NiJ9.eyJleHAiOjE2NDU2NzQ0NDMsInVzZXJuYW1lIjoiYWRtaW4ifQ.eMvI0BZWpMXmFrAPrxeqm8QdhG52TjOtiW6fyG3huQM
2022-02-23 11:47:48,548 [http-nio-8101-exec-3] ERROR [com.yf.document.ability.shiro.MyShiroRealm] MyShiroRealm.java:96 - ++++++++++校验用户：eyJ0eXAiOiJKV1QiLCJhbGciOiJIUzI1NiJ9.eyJleHAiOjE2NDU2NzQ0NDMsInVzZXJuYW1lIjoiYWRtaW4ifQ.eMvI0BZWpMXmFrAPrxeqm8QdhG52TjOtiW6fyG3huQM
2022-02-23 11:47:49,004 [http-nio-8101-exec-4] ERROR [com.yf.document.ability.shiro.MyShiroRealm] MyShiroRealm.java:96 - ++++++++++校验用户：eyJ0eXAiOiJKV1QiLCJhbGciOiJIUzI1NiJ9.eyJleHAiOjE2NDU2NzQ0NDMsInVzZXJuYW1lIjoiYWRtaW4ifQ.eMvI0BZWpMXmFrAPrxeqm8QdhG52TjOtiW6fyG3huQM
2022-02-23 11:47:51,441 [http-nio-8101-exec-8] ERROR [com.yf.document.ability.shiro.MyShiroRealm] MyShiroRealm.java:96 - ++++++++++校验用户：eyJ0eXAiOiJKV1QiLCJhbGciOiJIUzI1NiJ9.eyJleHAiOjE2NDU2NzQ0NDMsInVzZXJuYW1lIjoiYWRtaW4ifQ.eMvI0BZWpMXmFrAPrxeqm8QdhG52TjOtiW6fyG3huQM
2022-02-23 11:47:51,441 [http-nio-8101-exec-5] ERROR [com.yf.document.ability.shiro.MyShiroRealm] MyShiroRealm.java:96 - ++++++++++校验用户：eyJ0eXAiOiJKV1QiLCJhbGciOiJIUzI1NiJ9.eyJleHAiOjE2NDU2NzQ0NDMsInVzZXJuYW1lIjoiYWRtaW4ifQ.eMvI0BZWpMXmFrAPrxeqm8QdhG52TjOtiW6fyG3huQM
2022-02-23 11:48:22,408 [http-nio-8101-exec-9] ERROR [com.yf.document.ability.shiro.MyShiroRealm] MyShiroRealm.java:96 - ++++++++++校验用户：eyJ0eXAiOiJKV1QiLCJhbGciOiJIUzI1NiJ9.eyJleHAiOjE2NDU2NzQ0NDMsInVzZXJuYW1lIjoiYWRtaW4ifQ.eMvI0BZWpMXmFrAPrxeqm8QdhG52TjOtiW6fyG3huQM
2022-02-23 11:48:22,822 [http-nio-8101-exec-3] ERROR [com.yf.document.ability.shiro.MyShiroRealm] MyShiroRealm.java:96 - ++++++++++校验用户：eyJ0eXAiOiJKV1QiLCJhbGciOiJIUzI1NiJ9.eyJleHAiOjE2NDU2NzQ0NDMsInVzZXJuYW1lIjoiYWRtaW4ifQ.eMvI0BZWpMXmFrAPrxeqm8QdhG52TjOtiW6fyG3huQM
2022-02-23 11:48:28,322 [http-nio-8101-exec-4] ERROR [com.yf.document.ability.shiro.MyShiroRealm] MyShiroRealm.java:96 - ++++++++++校验用户：eyJ0eXAiOiJKV1QiLCJhbGciOiJIUzI1NiJ9.eyJleHAiOjE2NDU2NzQ0NDMsInVzZXJuYW1lIjoiYWRtaW4ifQ.eMvI0BZWpMXmFrAPrxeqm8QdhG52TjOtiW6fyG3huQM
2022-02-23 11:48:29,207 [http-nio-8101-exec-10] ERROR [com.yf.document.ability.shiro.MyShiroRealm] MyShiroRealm.java:96 - ++++++++++校验用户：eyJ0eXAiOiJKV1QiLCJhbGciOiJIUzI1NiJ9.eyJleHAiOjE2NDU2NzQ0NDMsInVzZXJuYW1lIjoiYWRtaW4ifQ.eMvI0BZWpMXmFrAPrxeqm8QdhG52TjOtiW6fyG3huQM
2022-02-23 11:48:29,207 [http-nio-8101-exec-5] ERROR [com.yf.document.ability.shiro.MyShiroRealm] MyShiroRealm.java:96 - ++++++++++校验用户：eyJ0eXAiOiJKV1QiLCJhbGciOiJIUzI1NiJ9.eyJleHAiOjE2NDU2NzQ0NDMsInVzZXJuYW1lIjoiYWRtaW4ifQ.eMvI0BZWpMXmFrAPrxeqm8QdhG52TjOtiW6fyG3huQM
2022-02-23 11:48:29,314 [http-nio-8101-exec-1] ERROR [c.y.d.a.upload.service.impl.UploadServiceImpl] UploadServiceImpl.java:90 - 预览文件失败/home/yfhl_doc_ky/userfiles2021/11/16/1460508729023225858.jpg (No such file or directory)
2022-02-23 11:48:29,314 [http-nio-8101-exec-9] ERROR [c.y.d.a.upload.service.impl.UploadServiceImpl] UploadServiceImpl.java:90 - 预览文件失败/home/yfhl_doc_ky/userfiles2021/11/16/1460509094384852994.png (No such file or directory)
2022-02-23 11:48:29,875 [http-nio-8101-exec-3] ERROR [com.yf.document.ability.shiro.MyShiroRealm] MyShiroRealm.java:96 - ++++++++++校验用户：eyJ0eXAiOiJKV1QiLCJhbGciOiJIUzI1NiJ9.eyJleHAiOjE2NDU2NzQ0NDMsInVzZXJuYW1lIjoiYWRtaW4ifQ.eMvI0BZWpMXmFrAPrxeqm8QdhG52TjOtiW6fyG3huQM
2022-02-23 11:48:29,879 [http-nio-8101-exec-2] ERROR [com.yf.document.ability.shiro.MyShiroRealm] MyShiroRealm.java:96 - ++++++++++校验用户：eyJ0eXAiOiJKV1QiLCJhbGciOiJIUzI1NiJ9.eyJleHAiOjE2NDU2NzQ0NDMsInVzZXJuYW1lIjoiYWRtaW4ifQ.eMvI0BZWpMXmFrAPrxeqm8QdhG52TjOtiW6fyG3huQM
2022-02-23 11:48:29,879 [http-nio-8101-exec-4] ERROR [com.yf.document.ability.shiro.MyShiroRealm] MyShiroRealm.java:96 - ++++++++++校验用户：eyJ0eXAiOiJKV1QiLCJhbGciOiJIUzI1NiJ9.eyJleHAiOjE2NDU2NzQ0NDMsInVzZXJuYW1lIjoiYWRtaW4ifQ.eMvI0BZWpMXmFrAPrxeqm8QdhG52TjOtiW6fyG3huQM
2022-02-23 11:48:33,606 [http-nio-8101-exec-8] ERROR [c.y.d.a.upload.service.impl.UploadServiceImpl] UploadServiceImpl.java:90 - 预览文件失败/home/yfhl_doc_ky/userfiles2021/11/16/1460507088622542850.png (No such file or directory)
2022-02-23 11:48:36,677 [http-nio-8101-exec-10] ERROR [com.yf.document.ability.shiro.MyShiroRealm] MyShiroRealm.java:96 - ++++++++++校验用户：eyJ0eXAiOiJKV1QiLCJhbGciOiJIUzI1NiJ9.eyJleHAiOjE2NDU2NzQ0NDMsInVzZXJuYW1lIjoiYWRtaW4ifQ.eMvI0BZWpMXmFrAPrxeqm8QdhG52TjOtiW6fyG3huQM
2022-02-23 11:48:36,678 [http-nio-8101-exec-9] ERROR [com.yf.document.ability.shiro.MyShiroRealm] MyShiroRealm.java:96 - ++++++++++校验用户：eyJ0eXAiOiJKV1QiLCJhbGciOiJIUzI1NiJ9.eyJleHAiOjE2NDU2NzQ0NDMsInVzZXJuYW1lIjoiYWRtaW4ifQ.eMvI0BZWpMXmFrAPrxeqm8QdhG52TjOtiW6fyG3huQM
2022-02-23 11:48:36,677 [http-nio-8101-exec-7] ERROR [com.yf.document.ability.shiro.MyShiroRealm] MyShiroRealm.java:96 - ++++++++++校验用户：eyJ0eXAiOiJKV1QiLCJhbGciOiJIUzI1NiJ9.eyJleHAiOjE2NDU2NzQ0NDMsInVzZXJuYW1lIjoiYWRtaW4ifQ.eMvI0BZWpMXmFrAPrxeqm8QdhG52TjOtiW6fyG3huQM
2022-02-23 11:48:39,230 [http-nio-8101-exec-4] ERROR [com.yf.document.ability.shiro.MyShiroRealm] MyShiroRealm.java:96 - ++++++++++校验用户：eyJ0eXAiOiJKV1QiLCJhbGciOiJIUzI1NiJ9.eyJleHAiOjE2NDU2NzQ0NDMsInVzZXJuYW1lIjoiYWRtaW4ifQ.eMvI0BZWpMXmFrAPrxeqm8QdhG52TjOtiW6fyG3huQM
2022-02-23 11:48:39,237 [http-nio-8101-exec-1] ERROR [com.yf.document.ability.shiro.MyShiroRealm] MyShiroRealm.java:96 - ++++++++++校验用户：eyJ0eXAiOiJKV1QiLCJhbGciOiJIUzI1NiJ9.eyJleHAiOjE2NDU2NzQ0NDMsInVzZXJuYW1lIjoiYWRtaW4ifQ.eMvI0BZWpMXmFrAPrxeqm8QdhG52TjOtiW6fyG3huQM
2022-02-23 11:48:39,241 [http-nio-8101-exec-2] ERROR [com.yf.document.ability.shiro.MyShiroRealm] MyShiroRealm.java:96 - ++++++++++校验用户：eyJ0eXAiOiJKV1QiLCJhbGciOiJIUzI1NiJ9.eyJleHAiOjE2NDU2NzQ0NDMsInVzZXJuYW1lIjoiYWRtaW4ifQ.eMvI0BZWpMXmFrAPrxeqm8QdhG52TjOtiW6fyG3huQM
2022-02-23 11:48:46,240 [http-nio-8101-exec-7] ERROR [com.yf.document.ability.shiro.MyShiroRealm] MyShiroRealm.java:96 - ++++++++++校验用户：eyJ0eXAiOiJKV1QiLCJhbGciOiJIUzI1NiJ9.eyJleHAiOjE2NDU2NzQ0NDMsInVzZXJuYW1lIjoiYWRtaW4ifQ.eMvI0BZWpMXmFrAPrxeqm8QdhG52TjOtiW6fyG3huQM
2022-02-23 11:48:46,241 [http-nio-8101-exec-10] ERROR [com.yf.document.ability.shiro.MyShiroRealm] MyShiroRealm.java:96 - ++++++++++校验用户：eyJ0eXAiOiJKV1QiLCJhbGciOiJIUzI1NiJ9.eyJleHAiOjE2NDU2NzQ0NDMsInVzZXJuYW1lIjoiYWRtaW4ifQ.eMvI0BZWpMXmFrAPrxeqm8QdhG52TjOtiW6fyG3huQM
2022-02-23 11:48:46,240 [http-nio-8101-exec-8] ERROR [com.yf.document.ability.shiro.MyShiroRealm] MyShiroRealm.java:96 - ++++++++++校验用户：eyJ0eXAiOiJKV1QiLCJhbGciOiJIUzI1NiJ9.eyJleHAiOjE2NDU2NzQ0NDMsInVzZXJuYW1lIjoiYWRtaW4ifQ.eMvI0BZWpMXmFrAPrxeqm8QdhG52TjOtiW6fyG3huQM
2022-02-23 11:48:46,302 [http-nio-8101-exec-10] ERROR [com.yf.document.aspect.mybatis.QueryInterceptor] QueryInterceptor.java:184 - ++++++++++原始SQL：SELECT uc.*,(SELECT GROUP_CONCAT(b.role_name) FROM sys_user_role a LEFT JOIN sys_role b ON a.role_id=b.id WHERE a.user_id=uc.id) as roleNames FROM sys_user uc
        LEFT JOIN sys_user_role ur ON ur.user_id=uc.id
         
          
     
        GROUP BY uc.id ORDER BY uc.create_time DESC
2022-02-23 11:48:46,317 [http-nio-8101-exec-10] ERROR [com.yf.document.aspect.mybatis.QueryInterceptor] QueryInterceptor.java:217 - ++++++++++过滤SQL：SELECT uc.*, (SELECT GROUP_CONCAT(b.role_name) FROM sys_user_role a LEFT JOIN sys_role b ON a.role_id = b.id WHERE a.user_id = uc.id) AS roleNames FROM sys_user uc LEFT JOIN sys_user_role ur ON ur.user_id = uc.id GROUP BY uc.id ORDER BY uc.create_time DESC
2022-02-23 11:49:47,543 [http-nio-8101-exec-6] ERROR [com.yf.document.ability.shiro.MyShiroRealm] MyShiroRealm.java:96 - ++++++++++校验用户：eyJ0eXAiOiJKV1QiLCJhbGciOiJIUzI1NiJ9.eyJleHAiOjE2NDU2NzQ0NDMsInVzZXJuYW1lIjoiYWRtaW4ifQ.eMvI0BZWpMXmFrAPrxeqm8QdhG52TjOtiW6fyG3huQM
2022-02-23 11:49:47,543 [http-nio-8101-exec-4] ERROR [com.yf.document.ability.shiro.MyShiroRealm] MyShiroRealm.java:96 - ++++++++++校验用户：eyJ0eXAiOiJKV1QiLCJhbGciOiJIUzI1NiJ9.eyJleHAiOjE2NDU2NzQ0NDMsInVzZXJuYW1lIjoiYWRtaW4ifQ.eMvI0BZWpMXmFrAPrxeqm8QdhG52TjOtiW6fyG3huQM
2022-02-23 11:49:47,543 [http-nio-8101-exec-5] ERROR [com.yf.document.ability.shiro.MyShiroRealm] MyShiroRealm.java:96 - ++++++++++校验用户：eyJ0eXAiOiJKV1QiLCJhbGciOiJIUzI1NiJ9.eyJleHAiOjE2NDU2NzQ0NDMsInVzZXJuYW1lIjoiYWRtaW4ifQ.eMvI0BZWpMXmFrAPrxeqm8QdhG52TjOtiW6fyG3huQM
2022-02-23 11:49:47,598 [http-nio-8101-exec-5] ERROR [com.yf.document.aspect.mybatis.QueryInterceptor] QueryInterceptor.java:184 - ++++++++++原始SQL：SELECT uc.*,(SELECT GROUP_CONCAT(b.role_name) FROM sys_user_role a LEFT JOIN sys_role b ON a.role_id=b.id WHERE a.user_id=uc.id) as roleNames FROM sys_user uc
        LEFT JOIN sys_user_role ur ON ur.user_id=uc.id
         
          
     
        GROUP BY uc.id ORDER BY uc.create_time DESC
2022-02-23 11:49:47,610 [http-nio-8101-exec-5] ERROR [com.yf.document.aspect.mybatis.QueryInterceptor] QueryInterceptor.java:217 - ++++++++++过滤SQL：SELECT uc.*, (SELECT GROUP_CONCAT(b.role_name) FROM sys_user_role a LEFT JOIN sys_role b ON a.role_id = b.id WHERE a.user_id = uc.id) AS roleNames FROM sys_user uc LEFT JOIN sys_user_role ur ON ur.user_id = uc.id GROUP BY uc.id ORDER BY uc.create_time DESC
2022-02-23 11:49:59,910 [http-nio-8101-exec-7] ERROR [com.yf.document.ability.shiro.MyShiroRealm] MyShiroRealm.java:96 - ++++++++++校验用户：eyJ0eXAiOiJKV1QiLCJhbGciOiJIUzI1NiJ9.eyJleHAiOjE2NDU2NzQ0NDMsInVzZXJuYW1lIjoiYWRtaW4ifQ.eMvI0BZWpMXmFrAPrxeqm8QdhG52TjOtiW6fyG3huQM
2022-02-23 11:49:59,910 [http-nio-8101-exec-3] ERROR [com.yf.document.ability.shiro.MyShiroRealm] MyShiroRealm.java:96 - ++++++++++校验用户：eyJ0eXAiOiJKV1QiLCJhbGciOiJIUzI1NiJ9.eyJleHAiOjE2NDU2NzQ0NDMsInVzZXJuYW1lIjoiYWRtaW4ifQ.eMvI0BZWpMXmFrAPrxeqm8QdhG52TjOtiW6fyG3huQM
2022-02-23 11:49:59,914 [http-nio-8101-exec-8] ERROR [com.yf.document.ability.shiro.MyShiroRealm] MyShiroRealm.java:96 - ++++++++++校验用户：eyJ0eXAiOiJKV1QiLCJhbGciOiJIUzI1NiJ9.eyJleHAiOjE2NDU2NzQ0NDMsInVzZXJuYW1lIjoiYWRtaW4ifQ.eMvI0BZWpMXmFrAPrxeqm8QdhG52TjOtiW6fyG3huQM
2022-02-23 11:49:59,922 [http-nio-8101-exec-8] ERROR [com.yf.document.aspect.mybatis.QueryInterceptor] QueryInterceptor.java:184 - ++++++++++原始SQL：SELECT uc.*,(SELECT GROUP_CONCAT(b.role_name) FROM sys_user_role a LEFT JOIN sys_role b ON a.role_id=b.id WHERE a.user_id=uc.id) as roleNames FROM sys_user uc
        LEFT JOIN sys_user_role ur ON ur.user_id=uc.id
         
          
     
        GROUP BY uc.id ORDER BY uc.create_time DESC
2022-02-23 11:49:59,937 [http-nio-8101-exec-8] ERROR [com.yf.document.aspect.mybatis.QueryInterceptor] QueryInterceptor.java:217 - ++++++++++过滤SQL：SELECT uc.*, (SELECT GROUP_CONCAT(b.role_name) FROM sys_user_role a LEFT JOIN sys_role b ON a.role_id = b.id WHERE a.user_id = uc.id) AS roleNames FROM sys_user uc LEFT JOIN sys_user_role ur ON ur.user_id = uc.id GROUP BY uc.id ORDER BY uc.create_time DESC
2022-02-23 11:50:44,505 [http-nio-8101-exec-6] ERROR [com.yf.document.ability.shiro.MyShiroRealm] MyShiroRealm.java:96 - ++++++++++校验用户：eyJ0eXAiOiJKV1QiLCJhbGciOiJIUzI1NiJ9.eyJleHAiOjE2NDU2NzQ0NDMsInVzZXJuYW1lIjoiYWRtaW4ifQ.eMvI0BZWpMXmFrAPrxeqm8QdhG52TjOtiW6fyG3huQM
2022-02-23 11:50:44,505 [http-nio-8101-exec-4] ERROR [com.yf.document.ability.shiro.MyShiroRealm] MyShiroRealm.java:96 - ++++++++++校验用户：eyJ0eXAiOiJKV1QiLCJhbGciOiJIUzI1NiJ9.eyJleHAiOjE2NDU2NzQ0NDMsInVzZXJuYW1lIjoiYWRtaW4ifQ.eMvI0BZWpMXmFrAPrxeqm8QdhG52TjOtiW6fyG3huQM
2022-02-23 11:50:44,505 [http-nio-8101-exec-5] ERROR [com.yf.document.ability.shiro.MyShiroRealm] MyShiroRealm.java:96 - ++++++++++校验用户：eyJ0eXAiOiJKV1QiLCJhbGciOiJIUzI1NiJ9.eyJleHAiOjE2NDU2NzQ0NDMsInVzZXJuYW1lIjoiYWRtaW4ifQ.eMvI0BZWpMXmFrAPrxeqm8QdhG52TjOtiW6fyG3huQM
2022-02-23 11:50:44,516 [http-nio-8101-exec-6] ERROR [com.yf.document.aspect.mybatis.QueryInterceptor] QueryInterceptor.java:184 - ++++++++++原始SQL：SELECT uc.*,(SELECT GROUP_CONCAT(b.role_name) FROM sys_user_role a LEFT JOIN sys_role b ON a.role_id=b.id WHERE a.user_id=uc.id) as roleNames FROM sys_user uc
        LEFT JOIN sys_user_role ur ON ur.user_id=uc.id
         
          
     
        GROUP BY uc.id ORDER BY uc.create_time DESC
2022-02-23 11:50:44,522 [http-nio-8101-exec-6] ERROR [com.yf.document.aspect.mybatis.QueryInterceptor] QueryInterceptor.java:217 - ++++++++++过滤SQL：SELECT uc.*, (SELECT GROUP_CONCAT(b.role_name) FROM sys_user_role a LEFT JOIN sys_role b ON a.role_id = b.id WHERE a.user_id = uc.id) AS roleNames FROM sys_user uc LEFT JOIN sys_user_role ur ON ur.user_id = uc.id GROUP BY uc.id ORDER BY uc.create_time DESC
2022-02-23 11:50:59,990 [http-nio-8101-exec-8] ERROR [com.yf.document.ability.shiro.MyShiroRealm] MyShiroRealm.java:96 - ++++++++++校验用户：eyJ0eXAiOiJKV1QiLCJhbGciOiJIUzI1NiJ9.eyJleHAiOjE2NDU2NzQ0NDMsInVzZXJuYW1lIjoiYWRtaW4ifQ.eMvI0BZWpMXmFrAPrxeqm8QdhG52TjOtiW6fyG3huQM
2022-02-23 11:50:59,997 [http-nio-8101-exec-1] ERROR [com.yf.document.ability.shiro.MyShiroRealm] MyShiroRealm.java:96 - ++++++++++校验用户：eyJ0eXAiOiJKV1QiLCJhbGciOiJIUzI1NiJ9.eyJleHAiOjE2NDU2NzQ0NDMsInVzZXJuYW1lIjoiYWRtaW4ifQ.eMvI0BZWpMXmFrAPrxeqm8QdhG52TjOtiW6fyG3huQM
2022-02-23 11:50:59,997 [http-nio-8101-exec-9] ERROR [com.yf.document.ability.shiro.MyShiroRealm] MyShiroRealm.java:96 - ++++++++++校验用户：eyJ0eXAiOiJKV1QiLCJhbGciOiJIUzI1NiJ9.eyJleHAiOjE2NDU2NzQ0NDMsInVzZXJuYW1lIjoiYWRtaW4ifQ.eMvI0BZWpMXmFrAPrxeqm8QdhG52TjOtiW6fyG3huQM
2022-02-23 11:51:00,011 [http-nio-8101-exec-9] ERROR [com.yf.document.aspect.mybatis.QueryInterceptor] QueryInterceptor.java:184 - ++++++++++原始SQL：SELECT uc.*,(SELECT GROUP_CONCAT(b.role_name) FROM sys_user_role a LEFT JOIN sys_role b ON a.role_id=b.id WHERE a.user_id=uc.id) as roleNames FROM sys_user uc
        LEFT JOIN sys_user_role ur ON ur.user_id=uc.id
         
          
     
        GROUP BY uc.id ORDER BY uc.create_time DESC
2022-02-23 11:51:00,020 [http-nio-8101-exec-9] ERROR [com.yf.document.aspect.mybatis.QueryInterceptor] QueryInterceptor.java:217 - ++++++++++过滤SQL：SELECT uc.*, (SELECT GROUP_CONCAT(b.role_name) FROM sys_user_role a LEFT JOIN sys_role b ON a.role_id = b.id WHERE a.user_id = uc.id) AS roleNames FROM sys_user uc LEFT JOIN sys_user_role ur ON ur.user_id = uc.id GROUP BY uc.id ORDER BY uc.create_time DESC
2022-02-23 11:51:13,759 [http-nio-8101-exec-2] ERROR [com.yf.document.ability.shiro.MyShiroRealm] MyShiroRealm.java:96 - ++++++++++校验用户：eyJ0eXAiOiJKV1QiLCJhbGciOiJIUzI1NiJ9.eyJleHAiOjE2NDU2NzQ0NDMsInVzZXJuYW1lIjoiYWRtaW4ifQ.eMvI0BZWpMXmFrAPrxeqm8QdhG52TjOtiW6fyG3huQM
2022-02-23 11:51:13,870 [http-nio-8101-exec-4] ERROR [com.yf.document.ability.shiro.MyShiroRealm] MyShiroRealm.java:96 - ++++++++++校验用户：eyJ0eXAiOiJKV1QiLCJhbGciOiJIUzI1NiJ9.eyJleHAiOjE2NDU2NzQ0NDMsInVzZXJuYW1lIjoiYWRtaW4ifQ.eMvI0BZWpMXmFrAPrxeqm8QdhG52TjOtiW6fyG3huQM
2022-02-23 11:51:13,870 [http-nio-8101-exec-7] ERROR [com.yf.document.ability.shiro.MyShiroRealm] MyShiroRealm.java:96 - ++++++++++校验用户：eyJ0eXAiOiJKV1QiLCJhbGciOiJIUzI1NiJ9.eyJleHAiOjE2NDU2NzQ0NDMsInVzZXJuYW1lIjoiYWRtaW4ifQ.eMvI0BZWpMXmFrAPrxeqm8QdhG52TjOtiW6fyG3huQM
2022-02-23 11:51:37,848 [http-nio-8101-exec-3] ERROR [com.yf.document.ability.shiro.MyShiroRealm] MyShiroRealm.java:96 - ++++++++++校验用户：eyJ0eXAiOiJKV1QiLCJhbGciOiJIUzI1NiJ9.eyJleHAiOjE2NDU2NzQ0NDMsInVzZXJuYW1lIjoiYWRtaW4ifQ.eMvI0BZWpMXmFrAPrxeqm8QdhG52TjOtiW6fyG3huQM
2022-02-23 11:51:37,917 [http-nio-8101-exec-3] ERROR [com.yf.document.aspect.mybatis.QueryInterceptor] QueryInterceptor.java:184 - ++++++++++原始SQL：SELECT uc.*,(SELECT GROUP_CONCAT(b.role_name) FROM sys_user_role a LEFT JOIN sys_role b ON a.role_id=b.id WHERE a.user_id=uc.id) as roleNames FROM sys_user uc
        LEFT JOIN sys_user_role ur ON ur.user_id=uc.id
         
         WHERE  uc.dept_code LIKE 'A01A01A02%' 
     
        GROUP BY uc.id ORDER BY uc.create_time DESC
2022-02-23 11:51:37,927 [http-nio-8101-exec-3] ERROR [com.yf.document.aspect.mybatis.QueryInterceptor] QueryInterceptor.java:217 - ++++++++++过滤SQL：SELECT uc.*, (SELECT GROUP_CONCAT(b.role_name) FROM sys_user_role a LEFT JOIN sys_role b ON a.role_id = b.id WHERE a.user_id = uc.id) AS roleNames FROM sys_user uc LEFT JOIN sys_user_role ur ON ur.user_id = uc.id WHERE uc.dept_code LIKE 'A01A01A02%' GROUP BY uc.id ORDER BY uc.create_time DESC
2022-02-23 11:51:39,940 [http-nio-8101-exec-9] ERROR [com.yf.document.ability.shiro.MyShiroRealm] MyShiroRealm.java:96 - ++++++++++校验用户：eyJ0eXAiOiJKV1QiLCJhbGciOiJIUzI1NiJ9.eyJleHAiOjE2NDU2NzQ0NDMsInVzZXJuYW1lIjoiYWRtaW4ifQ.eMvI0BZWpMXmFrAPrxeqm8QdhG52TjOtiW6fyG3huQM
2022-02-23 11:51:42,751 [http-nio-8101-exec-5] ERROR [com.yf.document.ability.shiro.MyShiroRealm] MyShiroRealm.java:96 - ++++++++++校验用户：eyJ0eXAiOiJKV1QiLCJhbGciOiJIUzI1NiJ9.eyJleHAiOjE2NDU2NzQ0NDMsInVzZXJuYW1lIjoiYWRtaW4ifQ.eMvI0BZWpMXmFrAPrxeqm8QdhG52TjOtiW6fyG3huQM
2022-02-23 11:51:42,751 [http-nio-8101-exec-2] ERROR [com.yf.document.ability.shiro.MyShiroRealm] MyShiroRealm.java:96 - ++++++++++校验用户：eyJ0eXAiOiJKV1QiLCJhbGciOiJIUzI1NiJ9.eyJleHAiOjE2NDU2NzQ0NDMsInVzZXJuYW1lIjoiYWRtaW4ifQ.eMvI0BZWpMXmFrAPrxeqm8QdhG52TjOtiW6fyG3huQM
2022-02-23 11:51:42,752 [http-nio-8101-exec-6] ERROR [com.yf.document.ability.shiro.MyShiroRealm] MyShiroRealm.java:96 - ++++++++++校验用户：eyJ0eXAiOiJKV1QiLCJhbGciOiJIUzI1NiJ9.eyJleHAiOjE2NDU2NzQ0NDMsInVzZXJuYW1lIjoiYWRtaW4ifQ.eMvI0BZWpMXmFrAPrxeqm8QdhG52TjOtiW6fyG3huQM
2022-02-23 11:51:42,772 [http-nio-8101-exec-2] ERROR [com.yf.document.aspect.mybatis.QueryInterceptor] QueryInterceptor.java:184 - ++++++++++原始SQL：SELECT uc.*,(SELECT GROUP_CONCAT(b.role_name) FROM sys_user_role a LEFT JOIN sys_role b ON a.role_id=b.id WHERE a.user_id=uc.id) as roleNames FROM sys_user uc
        LEFT JOIN sys_user_role ur ON ur.user_id=uc.id
         
          
     
        GROUP BY uc.id ORDER BY uc.create_time DESC
2022-02-23 11:51:42,773 [http-nio-8101-exec-2] ERROR [com.yf.document.aspect.mybatis.QueryInterceptor] QueryInterceptor.java:217 - ++++++++++过滤SQL：SELECT uc.*, (SELECT GROUP_CONCAT(b.role_name) FROM sys_user_role a LEFT JOIN sys_role b ON a.role_id = b.id WHERE a.user_id = uc.id) AS roleNames FROM sys_user uc LEFT JOIN sys_user_role ur ON ur.user_id = uc.id GROUP BY uc.id ORDER BY uc.create_time DESC
2022-02-23 11:51:43,379 [http-nio-8101-exec-7] ERROR [com.yf.document.ability.shiro.MyShiroRealm] MyShiroRealm.java:96 - ++++++++++校验用户：eyJ0eXAiOiJKV1QiLCJhbGciOiJIUzI1NiJ9.eyJleHAiOjE2NDU2NzQ0NDMsInVzZXJuYW1lIjoiYWRtaW4ifQ.eMvI0BZWpMXmFrAPrxeqm8QdhG52TjOtiW6fyG3huQM
2022-02-23 11:51:44,183 [http-nio-8101-exec-10] ERROR [com.yf.document.ability.shiro.MyShiroRealm] MyShiroRealm.java:96 - ++++++++++校验用户：eyJ0eXAiOiJKV1QiLCJhbGciOiJIUzI1NiJ9.eyJleHAiOjE2NDU2NzQ0NDMsInVzZXJuYW1lIjoiYWRtaW4ifQ.eMvI0BZWpMXmFrAPrxeqm8QdhG52TjOtiW6fyG3huQM
2022-02-23 11:51:50,512 [http-nio-8101-exec-8] ERROR [com.yf.document.ability.shiro.MyShiroRealm] MyShiroRealm.java:96 - ++++++++++校验用户：eyJ0eXAiOiJKV1QiLCJhbGciOiJIUzI1NiJ9.eyJleHAiOjE2NDU2NzQ0NDMsInVzZXJuYW1lIjoiYWRtaW4ifQ.eMvI0BZWpMXmFrAPrxeqm8QdhG52TjOtiW6fyG3huQM
2022-02-23 11:51:50,512 [http-nio-8101-exec-1] ERROR [com.yf.document.ability.shiro.MyShiroRealm] MyShiroRealm.java:96 - ++++++++++校验用户：eyJ0eXAiOiJKV1QiLCJhbGciOiJIUzI1NiJ9.eyJleHAiOjE2NDU2NzQ0NDMsInVzZXJuYW1lIjoiYWRtaW4ifQ.eMvI0BZWpMXmFrAPrxeqm8QdhG52TjOtiW6fyG3huQM
2022-02-23 11:51:50,518 [http-nio-8101-exec-2] ERROR [com.yf.document.ability.shiro.MyShiroRealm] MyShiroRealm.java:96 - ++++++++++校验用户：eyJ0eXAiOiJKV1QiLCJhbGciOiJIUzI1NiJ9.eyJleHAiOjE2NDU2NzQ0NDMsInVzZXJuYW1lIjoiYWRtaW4ifQ.eMvI0BZWpMXmFrAPrxeqm8QdhG52TjOtiW6fyG3huQM
2022-02-23 11:53:05,980 [http-nio-8101-exec-3] ERROR [com.yf.document.ability.shiro.MyShiroRealm] MyShiroRealm.java:96 - ++++++++++校验用户：eyJ0eXAiOiJKV1QiLCJhbGciOiJIUzI1NiJ9.eyJleHAiOjE2NDU2NzQ0NDMsInVzZXJuYW1lIjoiYWRtaW4ifQ.eMvI0BZWpMXmFrAPrxeqm8QdhG52TjOtiW6fyG3huQM
2022-02-23 11:55:06,479 [http-nio-8101-exec-6] ERROR [c.y.d.a.upload.service.impl.UploadServiceImpl] UploadServiceImpl.java:90 - 预览文件失败/home/yfhl_doc_ky/userfiles2021/11/16/1460507088622542850.png (No such file or directory)
2022-02-23 11:55:13,863 [http-nio-8101-exec-2] ERROR [c.y.d.a.upload.service.impl.UploadServiceImpl] UploadServiceImpl.java:90 - 预览文件失败/home/yfhl_doc_ky/userfiles2021/11/16/1460507088622542850.png (No such file or directory)
2022-02-23 11:55:20,559 [http-nio-8101-exec-8] ERROR [c.y.d.a.upload.service.impl.UploadServiceImpl] UploadServiceImpl.java:90 - 预览文件失败/home/yfhl_doc_ky/userfiles2021/11/16/1460507088622542850.png (No such file or directory)
2022-02-23 11:55:24,029 [http-nio-8101-exec-7] ERROR [com.yf.document.ability.shiro.MyShiroRealm] MyShiroRealm.java:96 - ++++++++++校验用户：eyJ0eXAiOiJKV1QiLCJhbGciOiJIUzI1NiJ9.eyJleHAiOjE2NDU2NzQ0NDMsInVzZXJuYW1lIjoiYWRtaW4ifQ.eMvI0BZWpMXmFrAPrxeqm8QdhG52TjOtiW6fyG3huQM
2022-02-23 11:55:24,029 [http-nio-8101-exec-5] ERROR [com.yf.document.ability.shiro.MyShiroRealm] MyShiroRealm.java:96 - ++++++++++校验用户：eyJ0eXAiOiJKV1QiLCJhbGciOiJIUzI1NiJ9.eyJleHAiOjE2NDU2NzQ0NDMsInVzZXJuYW1lIjoiYWRtaW4ifQ.eMvI0BZWpMXmFrAPrxeqm8QdhG52TjOtiW6fyG3huQM
2022-02-23 11:55:24,028 [http-nio-8101-exec-1] ERROR [com.yf.document.ability.shiro.MyShiroRealm] MyShiroRealm.java:96 - ++++++++++校验用户：eyJ0eXAiOiJKV1QiLCJhbGciOiJIUzI1NiJ9.eyJleHAiOjE2NDU2NzQ0NDMsInVzZXJuYW1lIjoiYWRtaW4ifQ.eMvI0BZWpMXmFrAPrxeqm8QdhG52TjOtiW6fyG3huQM
2022-02-23 11:55:49,595 [http-nio-8101-exec-6] ERROR [com.yf.document.ability.shiro.MyShiroRealm] MyShiroRealm.java:96 - ++++++++++校验用户：eyJ0eXAiOiJKV1QiLCJhbGciOiJIUzI1NiJ9.eyJleHAiOjE2NDU2NzQ0NDMsInVzZXJuYW1lIjoiYWRtaW4ifQ.eMvI0BZWpMXmFrAPrxeqm8QdhG52TjOtiW6fyG3huQM
2022-02-23 11:55:49,611 [http-nio-8101-exec-2] ERROR [com.yf.document.ability.shiro.MyShiroRealm] MyShiroRealm.java:96 - ++++++++++校验用户：eyJ0eXAiOiJKV1QiLCJhbGciOiJIUzI1NiJ9.eyJleHAiOjE2NDU2NzQ0NDMsInVzZXJuYW1lIjoiYWRtaW4ifQ.eMvI0BZWpMXmFrAPrxeqm8QdhG52TjOtiW6fyG3huQM
2022-02-23 11:55:49,761 [http-nio-8101-exec-8] ERROR [c.y.d.a.upload.service.impl.UploadServiceImpl] UploadServiceImpl.java:90 - 预览文件失败/home/yfhl_doc_ky/userfiles2021/11/16/1460507088622542850.png (No such file or directory)
2022-02-23 12:34:43,801 [http-nio-8101-exec-5] ERROR [com.yf.document.ability.shiro.MyShiroRealm] MyShiroRealm.java:96 - ++++++++++校验用户：eyJ0eXAiOiJKV1QiLCJhbGciOiJIUzI1NiJ9.eyJleHAiOjE2NDU2NzQ0NDMsInVzZXJuYW1lIjoiYWRtaW4ifQ.eMvI0BZWpMXmFrAPrxeqm8QdhG52TjOtiW6fyG3huQM
2022-02-23 12:34:44,124 [http-nio-8101-exec-10] ERROR [com.yf.document.ability.shiro.MyShiroRealm] MyShiroRealm.java:96 - ++++++++++校验用户：eyJ0eXAiOiJKV1QiLCJhbGciOiJIUzI1NiJ9.eyJleHAiOjE2NDU2NzQ0NDMsInVzZXJuYW1lIjoiYWRtaW4ifQ.eMvI0BZWpMXmFrAPrxeqm8QdhG52TjOtiW6fyG3huQM
2022-02-23 12:34:44,128 [http-nio-8101-exec-9] ERROR [com.yf.document.ability.shiro.MyShiroRealm] MyShiroRealm.java:96 - ++++++++++校验用户：eyJ0eXAiOiJKV1QiLCJhbGciOiJIUzI1NiJ9.eyJleHAiOjE2NDU2NzQ0NDMsInVzZXJuYW1lIjoiYWRtaW4ifQ.eMvI0BZWpMXmFrAPrxeqm8QdhG52TjOtiW6fyG3huQM
2022-02-23 12:34:47,457 [http-nio-8101-exec-4] ERROR [com.yf.document.ability.shiro.MyShiroRealm] MyShiroRealm.java:96 - ++++++++++校验用户：eyJ0eXAiOiJKV1QiLCJhbGciOiJIUzI1NiJ9.eyJleHAiOjE2NDU2NzQ0NDMsInVzZXJuYW1lIjoiYWRtaW4ifQ.eMvI0BZWpMXmFrAPrxeqm8QdhG52TjOtiW6fyG3huQM
2022-02-23 12:34:47,457 [http-nio-8101-exec-8] ERROR [com.yf.document.ability.shiro.MyShiroRealm] MyShiroRealm.java:96 - ++++++++++校验用户：eyJ0eXAiOiJKV1QiLCJhbGciOiJIUzI1NiJ9.eyJleHAiOjE2NDU2NzQ0NDMsInVzZXJuYW1lIjoiYWRtaW4ifQ.eMvI0BZWpMXmFrAPrxeqm8QdhG52TjOtiW6fyG3huQM
2022-02-23 12:34:47,627 [http-nio-8101-exec-1] ERROR [c.y.d.a.upload.service.impl.UploadServiceImpl] UploadServiceImpl.java:90 - 预览文件失败/home/yfhl_doc_ky/userfiles2021/11/16/1460508729023225858.jpg (No such file or directory)
2022-02-23 12:34:47,627 [http-nio-8101-exec-7] ERROR [c.y.d.a.upload.service.impl.UploadServiceImpl] UploadServiceImpl.java:90 - 预览文件失败/home/yfhl_doc_ky/userfiles2021/11/16/1460509094384852994.png (No such file or directory)
2022-02-23 12:35:44,225 [http-nio-8101-exec-5] ERROR [com.yf.document.ability.shiro.MyShiroRealm] MyShiroRealm.java:96 - ++++++++++校验用户：eyJ0eXAiOiJKV1QiLCJhbGciOiJIUzI1NiJ9.eyJleHAiOjE2NDU2NzQ0NDMsInVzZXJuYW1lIjoiYWRtaW4ifQ.eMvI0BZWpMXmFrAPrxeqm8QdhG52TjOtiW6fyG3huQM
2022-02-23 12:35:44,259 [http-nio-8101-exec-10] ERROR [com.yf.document.ability.shiro.MyShiroRealm] MyShiroRealm.java:96 - ++++++++++校验用户：eyJ0eXAiOiJKV1QiLCJhbGciOiJIUzI1NiJ9.eyJleHAiOjE2NDU2NzQ0NDMsInVzZXJuYW1lIjoiYWRtaW4ifQ.eMvI0BZWpMXmFrAPrxeqm8QdhG52TjOtiW6fyG3huQM
2022-02-23 12:35:44,379 [http-nio-8101-exec-4] ERROR [com.yf.document.ability.shiro.MyShiroRealm] MyShiroRealm.java:96 - ++++++++++校验用户：eyJ0eXAiOiJKV1QiLCJhbGciOiJIUzI1NiJ9.eyJleHAiOjE2NDU2NzQ0NDMsInVzZXJuYW1lIjoiYWRtaW4ifQ.eMvI0BZWpMXmFrAPrxeqm8QdhG52TjOtiW6fyG3huQM
2022-02-23 12:35:44,385 [http-nio-8101-exec-1] ERROR [com.yf.document.ability.shiro.MyShiroRealm] MyShiroRealm.java:96 - ++++++++++校验用户：eyJ0eXAiOiJKV1QiLCJhbGciOiJIUzI1NiJ9.eyJleHAiOjE2NDU2NzQ0NDMsInVzZXJuYW1lIjoiYWRtaW4ifQ.eMvI0BZWpMXmFrAPrxeqm8QdhG52TjOtiW6fyG3huQM
2022-02-23 12:35:44,411 [http-nio-8101-exec-8] ERROR [c.y.d.a.upload.service.impl.UploadServiceImpl] UploadServiceImpl.java:90 - 预览文件失败/home/yfhl_doc_ky/userfiles2021/11/16/1460507088622542850.png (No such file or directory)
2022-02-23 12:35:44,456 [http-nio-8101-exec-3] ERROR [c.y.d.a.upload.service.impl.UploadServiceImpl] UploadServiceImpl.java:90 - 预览文件失败/home/yfhl_doc_ky/userfiles2021/11/16/1460508729023225858.jpg (No such file or directory)
2022-02-23 12:35:44,456 [http-nio-8101-exec-7] ERROR [c.y.d.a.upload.service.impl.UploadServiceImpl] UploadServiceImpl.java:90 - 预览文件失败/home/yfhl_doc_ky/userfiles2021/11/16/1460509094384852994.png (No such file or directory)
2022-02-23 12:37:59,989 [http-nio-8101-exec-2] ERROR [com.yf.document.ability.shiro.MyShiroRealm] MyShiroRealm.java:96 - ++++++++++校验用户：eyJ0eXAiOiJKV1QiLCJhbGciOiJIUzI1NiJ9.eyJleHAiOjE2NDU2NzQ0NDMsInVzZXJuYW1lIjoiYWRtaW4ifQ.eMvI0BZWpMXmFrAPrxeqm8QdhG52TjOtiW6fyG3huQM
2022-02-23 12:37:59,989 [http-nio-8101-exec-8] ERROR [com.yf.document.ability.shiro.MyShiroRealm] MyShiroRealm.java:96 - ++++++++++校验用户：eyJ0eXAiOiJKV1QiLCJhbGciOiJIUzI1NiJ9.eyJleHAiOjE2NDU2NzQ0NDMsInVzZXJuYW1lIjoiYWRtaW4ifQ.eMvI0BZWpMXmFrAPrxeqm8QdhG52TjOtiW6fyG3huQM
2022-02-23 12:38:00,026 [http-nio-8101-exec-1] ERROR [c.y.d.a.upload.service.impl.UploadServiceImpl] UploadServiceImpl.java:90 - 预览文件失败/home/yfhl_doc_ky/userfiles2021/11/16/1460507088622542850.png (No such file or directory)
2022-02-23 12:38:00,117 [http-nio-8101-exec-4] ERROR [c.y.d.a.upload.service.impl.UploadServiceImpl] UploadServiceImpl.java:90 - 预览文件失败/home/yfhl_doc_ky/userfiles2021/11/16/1460509094384852994.png (No such file or directory)
2022-02-23 12:38:00,117 [http-nio-8101-exec-7] ERROR [c.y.d.a.upload.service.impl.UploadServiceImpl] UploadServiceImpl.java:90 - 预览文件失败/home/yfhl_doc_ky/userfiles2021/11/16/1460508729023225858.jpg (No such file or directory)
2022-02-23 12:40:21,616 [http-nio-8101-exec-1] ERROR [com.yf.document.ability.shiro.MyShiroRealm] MyShiroRealm.java:96 - ++++++++++校验用户：eyJ0eXAiOiJKV1QiLCJhbGciOiJIUzI1NiJ9.eyJleHAiOjE2NDU2NzQ0NDMsInVzZXJuYW1lIjoiYWRtaW4ifQ.eMvI0BZWpMXmFrAPrxeqm8QdhG52TjOtiW6fyG3huQM
2022-02-23 12:40:21,656 [http-nio-8101-exec-8] ERROR [com.yf.document.ability.shiro.MyShiroRealm] MyShiroRealm.java:96 - ++++++++++校验用户：eyJ0eXAiOiJKV1QiLCJhbGciOiJIUzI1NiJ9.eyJleHAiOjE2NDU2NzQ0NDMsInVzZXJuYW1lIjoiYWRtaW4ifQ.eMvI0BZWpMXmFrAPrxeqm8QdhG52TjOtiW6fyG3huQM
2022-02-23 12:40:21,799 [http-nio-8101-exec-4] ERROR [c.y.d.a.upload.service.impl.UploadServiceImpl] UploadServiceImpl.java:90 - 预览文件失败/home/yfhl_doc_ky/userfiles2021/11/16/1460507088622542850.png (No such file or directory)
2022-02-23 12:42:42,572 [http-nio-8101-exec-5] ERROR [com.yf.document.ability.shiro.MyShiroRealm] MyShiroRealm.java:96 - ++++++++++校验用户：eyJ0eXAiOiJKV1QiLCJhbGciOiJIUzI1NiJ9.eyJleHAiOjE2NDU2NzQ0NDMsInVzZXJuYW1lIjoiYWRtaW4ifQ.eMvI0BZWpMXmFrAPrxeqm8QdhG52TjOtiW6fyG3huQM
2022-02-23 12:42:42,577 [http-nio-8101-exec-10] ERROR [com.yf.document.ability.shiro.MyShiroRealm] MyShiroRealm.java:96 - ++++++++++校验用户：eyJ0eXAiOiJKV1QiLCJhbGciOiJIUzI1NiJ9.eyJleHAiOjE2NDU2NzQ0NDMsInVzZXJuYW1lIjoiYWRtaW4ifQ.eMvI0BZWpMXmFrAPrxeqm8QdhG52TjOtiW6fyG3huQM
2022-02-23 12:42:42,667 [http-nio-8101-exec-6] ERROR [c.y.d.a.upload.service.impl.UploadServiceImpl] UploadServiceImpl.java:90 - 预览文件失败/home/yfhl_doc_ky/userfiles2021/11/16/1460509094384852994.png (No such file or directory)
2022-02-23 12:42:42,667 [http-nio-8101-exec-1] ERROR [c.y.d.a.upload.service.impl.UploadServiceImpl] UploadServiceImpl.java:90 - 预览文件失败/home/yfhl_doc_ky/userfiles2021/11/16/1460508729023225858.jpg (No such file or directory)
2022-02-23 12:42:44,867 [http-nio-8101-exec-8] ERROR [com.yf.document.ability.shiro.MyShiroRealm] MyShiroRealm.java:96 - ++++++++++校验用户：eyJ0eXAiOiJKV1QiLCJhbGciOiJIUzI1NiJ9.eyJleHAiOjE2NDU2NzQ0NDMsInVzZXJuYW1lIjoiYWRtaW4ifQ.eMvI0BZWpMXmFrAPrxeqm8QdhG52TjOtiW6fyG3huQM
2022-02-23 12:42:44,927 [http-nio-8101-exec-6] ERROR [c.y.d.a.upload.service.impl.UploadServiceImpl] UploadServiceImpl.java:90 - 预览文件失败/home/yfhl_doc_ky/userfiles2021/11/16/1460507088622542850.png (No such file or directory)
2022-02-23 12:42:44,927 [http-nio-8101-exec-1] ERROR [c.y.d.a.upload.service.impl.UploadServiceImpl] UploadServiceImpl.java:90 - 预览文件失败/home/yfhl_doc_ky/userfiles2021/11/16/1460507105991155713.png (No such file or directory)
2022-02-23 12:42:45,833 [http-nio-8101-exec-3] ERROR [com.yf.document.ability.shiro.MyShiroRealm] MyShiroRealm.java:96 - ++++++++++校验用户：eyJ0eXAiOiJKV1QiLCJhbGciOiJIUzI1NiJ9.eyJleHAiOjE2NDU2NzQ0NDMsInVzZXJuYW1lIjoiYWRtaW4ifQ.eMvI0BZWpMXmFrAPrxeqm8QdhG52TjOtiW6fyG3huQM
2022-02-23 12:42:47,083 [http-nio-8101-exec-5] ERROR [com.yf.document.ability.shiro.MyShiroRealm] MyShiroRealm.java:96 - ++++++++++校验用户：eyJ0eXAiOiJKV1QiLCJhbGciOiJIUzI1NiJ9.eyJleHAiOjE2NDU2NzQ0NDMsInVzZXJuYW1lIjoiYWRtaW4ifQ.eMvI0BZWpMXmFrAPrxeqm8QdhG52TjOtiW6fyG3huQM
2022-02-23 12:42:47,094 [http-nio-8101-exec-10] ERROR [com.yf.document.ability.shiro.MyShiroRealm] MyShiroRealm.java:96 - ++++++++++校验用户：eyJ0eXAiOiJKV1QiLCJhbGciOiJIUzI1NiJ9.eyJleHAiOjE2NDU2NzQ0NDMsInVzZXJuYW1lIjoiYWRtaW4ifQ.eMvI0BZWpMXmFrAPrxeqm8QdhG52TjOtiW6fyG3huQM
2022-02-23 12:42:52,365 [http-nio-8101-exec-6] ERROR [com.yf.document.ability.shiro.MyShiroRealm] MyShiroRealm.java:96 - ++++++++++校验用户：eyJ0eXAiOiJKV1QiLCJhbGciOiJIUzI1NiJ9.eyJleHAiOjE2NDU2NzQ0NDMsInVzZXJuYW1lIjoiYWRtaW4ifQ.eMvI0BZWpMXmFrAPrxeqm8QdhG52TjOtiW6fyG3huQM
2022-02-23 12:42:52,365 [http-nio-8101-exec-8] ERROR [com.yf.document.ability.shiro.MyShiroRealm] MyShiroRealm.java:96 - ++++++++++校验用户：eyJ0eXAiOiJKV1QiLCJhbGciOiJIUzI1NiJ9.eyJleHAiOjE2NDU2NzQ0NDMsInVzZXJuYW1lIjoiYWRtaW4ifQ.eMvI0BZWpMXmFrAPrxeqm8QdhG52TjOtiW6fyG3huQM
2022-02-23 12:42:52,365 [http-nio-8101-exec-2] ERROR [com.yf.document.ability.shiro.MyShiroRealm] MyShiroRealm.java:96 - ++++++++++校验用户：eyJ0eXAiOiJKV1QiLCJhbGciOiJIUzI1NiJ9.eyJleHAiOjE2NDU2NzQ0NDMsInVzZXJuYW1lIjoiYWRtaW4ifQ.eMvI0BZWpMXmFrAPrxeqm8QdhG52TjOtiW6fyG3huQM
2022-02-23 12:42:52,390 [http-nio-8101-exec-6] ERROR [com.yf.document.aspect.mybatis.QueryInterceptor] QueryInterceptor.java:184 - ++++++++++原始SQL：SELECT uc.*,(SELECT GROUP_CONCAT(b.role_name) FROM sys_user_role a LEFT JOIN sys_role b ON a.role_id=b.id WHERE a.user_id=uc.id) as roleNames FROM sys_user uc
        LEFT JOIN sys_user_role ur ON ur.user_id=uc.id
         
          
     
        GROUP BY uc.id ORDER BY uc.create_time DESC
2022-02-23 12:42:52,397 [http-nio-8101-exec-6] ERROR [com.yf.document.aspect.mybatis.QueryInterceptor] QueryInterceptor.java:217 - ++++++++++过滤SQL：SELECT uc.*, (SELECT GROUP_CONCAT(b.role_name) FROM sys_user_role a LEFT JOIN sys_role b ON a.role_id = b.id WHERE a.user_id = uc.id) AS roleNames FROM sys_user uc LEFT JOIN sys_user_role ur ON ur.user_id = uc.id GROUP BY uc.id ORDER BY uc.create_time DESC
2022-02-23 14:38:58,971 [http-nio-8101-exec-4] ERROR [com.yf.document.ability.shiro.MyShiroRealm] MyShiroRealm.java:96 - ++++++++++校验用户：eyJ0eXAiOiJKV1QiLCJhbGciOiJIUzI1NiJ9.eyJleHAiOjE2NDU2NzQ0NDMsInVzZXJuYW1lIjoiYWRtaW4ifQ.eMvI0BZWpMXmFrAPrxeqm8QdhG52TjOtiW6fyG3huQM
2022-02-23 14:38:59,104 [http-nio-8101-exec-8] ERROR [c.y.d.a.upload.service.impl.UploadServiceImpl] UploadServiceImpl.java:90 - 预览文件失败/home/yfhl_doc_ky/userfiles2021/11/16/1460507105991155713.png (No such file or directory)
2022-02-23 14:38:59,104 [http-nio-8101-exec-2] ERROR [c.y.d.a.upload.service.impl.UploadServiceImpl] UploadServiceImpl.java:90 - 预览文件失败/home/yfhl_doc_ky/userfiles2021/11/16/1460507088622542850.png (No such file or directory)
2022-02-23 14:41:38,655 [http-nio-8101-exec-2] ERROR [c.y.d.a.upload.service.impl.UploadServiceImpl] UploadServiceImpl.java:90 - 预览文件失败/home/yfhl_doc_ky/userfiles2021/11/16/1460507088622542850.png (No such file or directory)
2022-02-23 14:41:48,192 [http-nio-8101-exec-9] ERROR [com.yf.document.ability.shiro.MyShiroRealm] MyShiroRealm.java:96 - ++++++++++校验用户：eyJ0eXAiOiJKV1QiLCJhbGciOiJIUzI1NiJ9.eyJleHAiOjE2NDU2NzQ0NDMsInVzZXJuYW1lIjoiYWRtaW4ifQ.eMvI0BZWpMXmFrAPrxeqm8QdhG52TjOtiW6fyG3huQM
2022-02-23 14:42:01,834 [http-nio-8101-exec-1] ERROR [com.yf.document.ability.shiro.MyShiroRealm] MyShiroRealm.java:96 - ++++++++++校验用户：eyJ0eXAiOiJKV1QiLCJhbGciOiJIUzI1NiJ9.eyJleHAiOjE2NDU2NzQ0NDMsInVzZXJuYW1lIjoiYWRtaW4ifQ.eMvI0BZWpMXmFrAPrxeqm8QdhG52TjOtiW6fyG3huQM
2022-02-23 14:42:30,796 [http-nio-8101-exec-3] ERROR [com.yf.document.ability.shiro.MyShiroRealm] MyShiroRealm.java:96 - ++++++++++校验用户：eyJ0eXAiOiJKV1QiLCJhbGciOiJIUzI1NiJ9.eyJleHAiOjE2NDU2NzQ0NDMsInVzZXJuYW1lIjoiYWRtaW4ifQ.eMvI0BZWpMXmFrAPrxeqm8QdhG52TjOtiW6fyG3huQM
2022-02-23 14:42:57,313 [http-nio-8101-exec-4] ERROR [com.yf.document.ability.shiro.MyShiroRealm] MyShiroRealm.java:96 - ++++++++++校验用户：eyJ0eXAiOiJKV1QiLCJhbGciOiJIUzI1NiJ9.eyJleHAiOjE2NDU2NzQ0NDMsInVzZXJuYW1lIjoiYWRtaW4ifQ.eMvI0BZWpMXmFrAPrxeqm8QdhG52TjOtiW6fyG3huQM
2022-02-23 14:43:01,953 [http-nio-8101-exec-9] ERROR [com.yf.document.ability.shiro.MyShiroRealm] MyShiroRealm.java:96 - ++++++++++校验用户：eyJ0eXAiOiJKV1QiLCJhbGciOiJIUzI1NiJ9.eyJleHAiOjE2NDU2NzQ0NDMsInVzZXJuYW1lIjoiYWRtaW4ifQ.eMvI0BZWpMXmFrAPrxeqm8QdhG52TjOtiW6fyG3huQM
2022-02-23 14:43:02,006 [http-nio-8101-exec-10] ERROR [c.y.d.a.upload.service.impl.UploadServiceImpl] UploadServiceImpl.java:90 - 预览文件失败/home/yfhl_doc_ky/userfiles2021/11/16/1460507088622542850.png (No such file or directory)
2022-02-23 14:43:05,912 [http-nio-8101-exec-4] ERROR [com.yf.document.ability.shiro.MyShiroRealm] MyShiroRealm.java:96 - ++++++++++校验用户：eyJ0eXAiOiJKV1QiLCJhbGciOiJIUzI1NiJ9.eyJleHAiOjE2NDU2NzQ0NDMsInVzZXJuYW1lIjoiYWRtaW4ifQ.eMvI0BZWpMXmFrAPrxeqm8QdhG52TjOtiW6fyG3huQM
2022-02-23 14:43:05,913 [http-nio-8101-exec-3] ERROR [com.yf.document.ability.shiro.MyShiroRealm] MyShiroRealm.java:96 - ++++++++++校验用户：eyJ0eXAiOiJKV1QiLCJhbGciOiJIUzI1NiJ9.eyJleHAiOjE2NDU2NzQ0NDMsInVzZXJuYW1lIjoiYWRtaW4ifQ.eMvI0BZWpMXmFrAPrxeqm8QdhG52TjOtiW6fyG3huQM
2022-02-23 14:43:05,912 [http-nio-8101-exec-5] ERROR [com.yf.document.ability.shiro.MyShiroRealm] MyShiroRealm.java:96 - ++++++++++校验用户：eyJ0eXAiOiJKV1QiLCJhbGciOiJIUzI1NiJ9.eyJleHAiOjE2NDU2NzQ0NDMsInVzZXJuYW1lIjoiYWRtaW4ifQ.eMvI0BZWpMXmFrAPrxeqm8QdhG52TjOtiW6fyG3huQM
2022-02-23 14:43:07,261 [http-nio-8101-exec-7] ERROR [com.yf.document.ability.shiro.MyShiroRealm] MyShiroRealm.java:96 - ++++++++++校验用户：eyJ0eXAiOiJKV1QiLCJhbGciOiJIUzI1NiJ9.eyJleHAiOjE2NDU2NzQ0NDMsInVzZXJuYW1lIjoiYWRtaW4ifQ.eMvI0BZWpMXmFrAPrxeqm8QdhG52TjOtiW6fyG3huQM
2022-02-23 14:43:07,263 [http-nio-8101-exec-8] ERROR [com.yf.document.ability.shiro.MyShiroRealm] MyShiroRealm.java:96 - ++++++++++校验用户：eyJ0eXAiOiJKV1QiLCJhbGciOiJIUzI1NiJ9.eyJleHAiOjE2NDU2NzQ0NDMsInVzZXJuYW1lIjoiYWRtaW4ifQ.eMvI0BZWpMXmFrAPrxeqm8QdhG52TjOtiW6fyG3huQM
2022-02-23 14:43:07,377 [http-nio-8101-exec-9] ERROR [c.y.d.a.upload.service.impl.UploadServiceImpl] UploadServiceImpl.java:90 - 预览文件失败/home/yfhl_doc_ky/userfiles2021/11/16/1460508729023225858.jpg (No such file or directory)
2022-02-23 14:43:07,378 [http-nio-8101-exec-1] ERROR [c.y.d.a.upload.service.impl.UploadServiceImpl] UploadServiceImpl.java:90 - 预览文件失败/home/yfhl_doc_ky/userfiles2021/11/16/1460509094384852994.png (No such file or directory)
2022-02-23 14:43:08,355 [http-nio-8101-exec-6] ERROR [com.yf.document.ability.shiro.MyShiroRealm] MyShiroRealm.java:96 - ++++++++++校验用户：eyJ0eXAiOiJKV1QiLCJhbGciOiJIUzI1NiJ9.eyJleHAiOjE2NDU2NzQ0NDMsInVzZXJuYW1lIjoiYWRtaW4ifQ.eMvI0BZWpMXmFrAPrxeqm8QdhG52TjOtiW6fyG3huQM
2022-02-23 14:43:10,221 [http-nio-8101-exec-2] ERROR [com.yf.document.ability.shiro.MyShiroRealm] MyShiroRealm.java:96 - ++++++++++校验用户：eyJ0eXAiOiJKV1QiLCJhbGciOiJIUzI1NiJ9.eyJleHAiOjE2NDU2NzQ0NDMsInVzZXJuYW1lIjoiYWRtaW4ifQ.eMvI0BZWpMXmFrAPrxeqm8QdhG52TjOtiW6fyG3huQM
2022-02-23 14:43:20,249 [http-nio-8101-exec-4] ERROR [c.y.d.a.upload.service.impl.UploadServiceImpl] UploadServiceImpl.java:90 - 预览文件失败/home/yfhl_doc_ky/userfiles2021/11/16/1460507088622542850.png (No such file or directory)
2022-02-23 14:43:21,169 [http-nio-8101-exec-3] ERROR [c.y.d.a.upload.service.impl.UploadServiceImpl] UploadServiceImpl.java:90 - 预览文件失败/home/yfhl_doc_ky/userfiles2021/11/16/1460507088622542850.png (No such file or directory)
2022-02-23 14:43:25,501 [http-nio-8101-exec-7] ERROR [com.yf.document.ability.shiro.MyShiroRealm] MyShiroRealm.java:96 - ++++++++++校验用户：eyJ0eXAiOiJKV1QiLCJhbGciOiJIUzI1NiJ9.eyJleHAiOjE2NDU2NzQ0NDMsInVzZXJuYW1lIjoiYWRtaW4ifQ.eMvI0BZWpMXmFrAPrxeqm8QdhG52TjOtiW6fyG3huQM
2022-02-23 14:43:25,649 [http-nio-8101-exec-8] ERROR [c.y.d.a.upload.service.impl.UploadServiceImpl] UploadServiceImpl.java:90 - 预览文件失败/home/yfhl_doc_ky/userfiles2021/11/16/1460507105991155713.png (No such file or directory)
2022-02-23 14:47:26,724 [http-nio-8101-exec-9] ERROR [c.y.d.a.upload.service.impl.UploadServiceImpl] UploadServiceImpl.java:90 - 预览文件失败/home/yfhl_doc_ky/userfiles2021/11/16/1460507105991155713.png (No such file or directory)
2022-02-23 14:48:33,811 [http-nio-8101-exec-3] ERROR [c.y.d.a.upload.service.impl.UploadServiceImpl] UploadServiceImpl.java:90 - 预览文件失败/home/yfhl_doc_ky/userfiles2021/11/16/1460507105991155713.png (No such file or directory)
2022-02-23 14:53:42,258 [main] ERROR [o.s.b.context.logging.LoggingApplicationListener] LoggingApplicationListener.java:374 - Cannot set level 'dubug' for 'null'
2022-02-23 15:19:10,445 [main] ERROR [o.s.b.context.logging.LoggingApplicationListener] LoggingApplicationListener.java:374 - Cannot set level 'dubug' for 'null'
2022-02-23 15:19:39,932 [http-nio-8101-exec-4] ERROR [com.yf.document.ability.shiro.MyShiroRealm] MyShiroRealm.java:96 - ++++++++++校验用户：eyJ0eXAiOiJKV1QiLCJhbGciOiJIUzI1NiJ9.eyJleHAiOjE2NDU2ODcxNzksInVzZXJuYW1lIjoiIn0.YVuXwuXNUpJ94lHCYFAxuakq3PCXvZznlW-zrZmMhbY
2022-02-23 15:19:40,101 [http-nio-8101-exec-6] ERROR [com.yf.document.ability.shiro.MyShiroRealm] MyShiroRealm.java:96 - ++++++++++校验用户：eyJ0eXAiOiJKV1QiLCJhbGciOiJIUzI1NiJ9.eyJleHAiOjE2NDU2ODcxNzksInVzZXJuYW1lIjoiIn0.YVuXwuXNUpJ94lHCYFAxuakq3PCXvZznlW-zrZmMhbY
2022-02-23 15:19:46,147 [http-nio-8101-exec-10] ERROR [com.yf.document.ability.shiro.MyShiroRealm] MyShiroRealm.java:96 - ++++++++++校验用户：eyJ0eXAiOiJKV1QiLCJhbGciOiJIUzI1NiJ9.eyJleHAiOjE2NDU2ODcxNzksInVzZXJuYW1lIjoiIn0.YVuXwuXNUpJ94lHCYFAxuakq3PCXvZznlW-zrZmMhbY
2022-02-23 15:19:46,210 [http-nio-8101-exec-2] ERROR [com.yf.document.ability.shiro.MyShiroRealm] MyShiroRealm.java:96 - ++++++++++校验用户：eyJ0eXAiOiJKV1QiLCJhbGciOiJIUzI1NiJ9.eyJleHAiOjE2NDU2ODcxNzksInVzZXJuYW1lIjoiIn0.YVuXwuXNUpJ94lHCYFAxuakq3PCXvZznlW-zrZmMhbY
2022-02-23 15:20:39,499 [http-nio-8101-exec-6] ERROR [com.yf.document.ability.shiro.MyShiroRealm] MyShiroRealm.java:96 - ++++++++++校验用户：eyJ0eXAiOiJKV1QiLCJhbGciOiJIUzI1NiJ9.eyJleHAiOjE2NDU2ODcxNzksInVzZXJuYW1lIjoiIn0.YVuXwuXNUpJ94lHCYFAxuakq3PCXvZznlW-zrZmMhbY
2022-02-23 15:20:39,543 [http-nio-8101-exec-8] ERROR [com.yf.document.ability.shiro.MyShiroRealm] MyShiroRealm.java:96 - ++++++++++校验用户：eyJ0eXAiOiJKV1QiLCJhbGciOiJIUzI1NiJ9.eyJleHAiOjE2NDU2ODcxNzksInVzZXJuYW1lIjoiIn0.YVuXwuXNUpJ94lHCYFAxuakq3PCXvZznlW-zrZmMhbY
2022-02-23 15:20:39,704 [http-nio-8101-exec-1] ERROR [c.y.d.a.upload.service.impl.UploadServiceImpl] UploadServiceImpl.java:90 - 预览文件失败/home/yfhl_doc_ky/userfiles2021/11/16/1460507105991155713.png (No such file or directory)
2022-02-23 15:20:51,704 [http-nio-8101-exec-5] ERROR [c.y.d.a.upload.service.impl.UploadServiceImpl] UploadServiceImpl.java:90 - 预览文件失败/home/yfhl_doc_ky/userfiles2021/11/16/1460507105991155713.png (No such file or directory)
2022-02-23 15:20:52,537 [http-nio-8101-exec-1] ERROR [com.yf.document.ability.shiro.MyShiroRealm] MyShiroRealm.java:96 - ++++++++++校验用户：eyJ0eXAiOiJKV1QiLCJhbGciOiJIUzI1NiJ9.eyJleHAiOjE2NDU2ODcyNDcsInVzZXJuYW1lIjoiIn0.mRS0d09GoXo-DixqrzhuB-sR3zasBaS2L641dVk3XgI
2022-02-23 15:20:52,592 [http-nio-8101-exec-2] ERROR [com.yf.document.ability.shiro.MyShiroRealm] MyShiroRealm.java:96 - ++++++++++校验用户：eyJ0eXAiOiJKV1QiLCJhbGciOiJIUzI1NiJ9.eyJleHAiOjE2NDU2ODcyNDcsInVzZXJuYW1lIjoiIn0.mRS0d09GoXo-DixqrzhuB-sR3zasBaS2L641dVk3XgI
2022-02-23 15:20:53,008 [http-nio-8101-exec-4] ERROR [c.y.d.a.upload.service.impl.UploadServiceImpl] UploadServiceImpl.java:90 - 预览文件失败/home/yfhl_doc_ky/userfiles2021/11/16/1460507105991155713.png (No such file or directory)
2022-02-23 15:22:09,498 [http-nio-8101-exec-9] ERROR [com.yf.document.ability.shiro.MyShiroRealm] MyShiroRealm.java:96 - ++++++++++校验用户：eyJ0eXAiOiJKV1QiLCJhbGciOiJIUzI1NiJ9.eyJleHAiOjE2NDU2ODcyNDcsInVzZXJuYW1lIjoiIn0.mRS0d09GoXo-DixqrzhuB-sR3zasBaS2L641dVk3XgI
2022-02-23 15:22:09,534 [http-nio-8101-exec-10] ERROR [com.yf.document.ability.shiro.MyShiroRealm] MyShiroRealm.java:96 - ++++++++++校验用户：eyJ0eXAiOiJKV1QiLCJhbGciOiJIUzI1NiJ9.eyJleHAiOjE2NDU2ODcyNDcsInVzZXJuYW1lIjoiIn0.mRS0d09GoXo-DixqrzhuB-sR3zasBaS2L641dVk3XgI
2022-02-23 15:22:09,627 [http-nio-8101-exec-3] ERROR [c.y.d.a.upload.service.impl.UploadServiceImpl] UploadServiceImpl.java:90 - 预览文件失败/home/yfhl_doc_ky/userfiles2021/11/16/1460507105991155713.png (No such file or directory)
2022-02-23 15:22:17,465 [http-nio-8101-exec-7] ERROR [c.y.d.a.upload.service.impl.UploadServiceImpl] UploadServiceImpl.java:90 - 预览文件失败/home/yfhl_doc_ky/userfiles2021/11/16/1460507088622542850.png (No such file or directory)
2022-02-23 15:22:20,509 [http-nio-8101-exec-8] ERROR [com.yf.document.ability.shiro.MyShiroRealm] MyShiroRealm.java:96 - ++++++++++校验用户：eyJ0eXAiOiJKV1QiLCJhbGciOiJIUzI1NiJ9.eyJleHAiOjE2NDU2ODczMzcsInVzZXJuYW1lIjoiIn0.Q5LJu7AmkFVjCJqFUGgMU0FhjXxDFGTjoefoJXLu-1Y
2022-02-23 15:22:20,509 [http-nio-8101-exec-2] ERROR [com.yf.document.ability.shiro.MyShiroRealm] MyShiroRealm.java:96 - ++++++++++校验用户：eyJ0eXAiOiJKV1QiLCJhbGciOiJIUzI1NiJ9.eyJleHAiOjE2NDU2ODczMzcsInVzZXJuYW1lIjoiIn0.Q5LJu7AmkFVjCJqFUGgMU0FhjXxDFGTjoefoJXLu-1Y
2022-02-23 15:22:20,509 [http-nio-8101-exec-10] ERROR [com.yf.document.ability.shiro.MyShiroRealm] MyShiroRealm.java:96 - ++++++++++校验用户：eyJ0eXAiOiJKV1QiLCJhbGciOiJIUzI1NiJ9.eyJleHAiOjE2NDU2ODczMzcsInVzZXJuYW1lIjoiIn0.Q5LJu7AmkFVjCJqFUGgMU0FhjXxDFGTjoefoJXLu-1Y
2022-02-23 15:22:24,696 [http-nio-8101-exec-4] ERROR [com.yf.document.ability.shiro.MyShiroRealm] MyShiroRealm.java:96 - ++++++++++校验用户：eyJ0eXAiOiJKV1QiLCJhbGciOiJIUzI1NiJ9.eyJleHAiOjE2NDU2ODczMzcsInVzZXJuYW1lIjoiIn0.Q5LJu7AmkFVjCJqFUGgMU0FhjXxDFGTjoefoJXLu-1Y
2022-02-23 15:22:24,812 [http-nio-8101-exec-5] ERROR [c.y.d.a.upload.service.impl.UploadServiceImpl] UploadServiceImpl.java:90 - 预览文件失败/home/yfhl_doc_ky/userfiles2021/11/16/1460507105991155713.png (No such file or directory)
